[35m[1mConsolidate compiler generated dependencies of target TestNode[0m
[ 50%] [32mBuilding CXX object CMakeFiles/TestNode.dir/src/test.cpp.o[0m
[01m[K/home/carrot/Vision_Arena_2025/src/player_pkg/src/test.cpp:249:1:[m[K [01;31m[Kerror: [m[Kexpected declaration before â€˜[01m[K}[m[Kâ€™ token
  249 | [01;31m[K}[m[K
      | [01;31m[K^[m[K
gmake[2]: *** [CMakeFiles/TestNode.dir/build.make:76: CMakeFiles/TestNode.dir/src/test.cpp.o] ä¸­æ–­
gmake[1]: *** [CMakeFiles/Makefile2:137: CMakeFiles/TestNode.dir/all] ä¸­æ–­
gmake: *** [Makefile:146: all] ä¸­æ–­
