[0.037s] Invoking command in '/home/carrot/Vision_Arena_2025/build/player_pkg': CMAKE_PREFIX_PATH=${CMAKE_PREFIX_PATH}:/opt/ros/humble /usr/bin/cmake --build /home/carrot/Vision_Arena_2025/build/player_pkg -- -j2 -l2
[0.229s] [35m[1mConsolidate compiler generated dependencies of target TestNode[0m
[0.318s] [ 50%] [32mBuilding CXX object CMakeFiles/TestNode.dir/src/test.cpp.o[0m
[9.591s] [01m[K/home/carrot/Vision_Arena_2025/src/player_pkg/src/test.cpp:249:1:[m[K [01;31m[Kerror: [m[Kexpected declaration before â€˜[01m[K}[m[Kâ€™ token
[9.591s]   249 | [01;31m[K}[m[K
[9.591s]       | [01;31m[K^[m[K
[14.117s] gmake[2]: *** [CMakeFiles/TestNode.dir/build.make:76: CMakeFiles/TestNode.dir/src/test.cpp.o] ä¸­æ–­
[14.117s] gmake[1]: *** [CMakeFiles/Makefile2:137: CMakeFiles/TestNode.dir/all] ä¸­æ–­
[14.117s] gmake: *** [Makefile:146: all] ä¸­æ–­
[14.320s] Invoked command in '/home/carrot/Vision_Arena_2025/build/player_pkg' returned '-2': CMAKE_PREFIX_PATH=${CMAKE_PREFIX_PATH}:/opt/ros/humble /usr/bin/cmake --build /home/carrot/Vision_Arena_2025/build/player_pkg -- -j2 -l2
