[0.015s] Invoking command in '/home/carrot/robomaster/build/teamX_challenge': CMAKE_PREFIX_PATH=/opt/ros/humble /usr/bin/cmake /home/carrot/robomaster/teamX_challenge -DCMAKE_INSTALL_PREFIX=/home/carrot/robomaster/install/teamX_challenge
[0.026s] -- Found ament_cmake: 1.3.12 (/opt/ros/humble/share/ament_cmake/cmake)
[0.146s] -- Found rclcpp: 16.0.15 (/opt/ros/humble/share/rclcpp/cmake)
[0.173s] -- Found rosidl_generator_c: 3.1.7 (/opt/ros/humble/share/rosidl_generator_c/cmake)
[0.175s] -- Found rosidl_adapter: 3.1.7 (/opt/ros/humble/share/rosidl_adapter/cmake)
[0.182s] -- Found rosidl_generator_cpp: 3.1.7 (/opt/ros/humble/share/rosidl_generator_cpp/cmake)
[0.187s] -- Using all available rosidl_typesupport_c: rosidl_typesupport_fastrtps_c;rosidl_typesupport_introspection_c
[0.198s] -- Using all available rosidl_typesupport_cpp: rosidl_typesupport_fastrtps_cpp;rosidl_typesupport_introspection_cpp
[0.235s] -- Found rmw_implementation_cmake: 6.1.2 (/opt/ros/humble/share/rmw_implementation_cmake/cmake)
[0.236s] -- Found rmw_fastrtps_cpp: 6.2.9 (/opt/ros/humble/share/rmw_fastrtps_cpp/cmake)
[0.331s] -- Using RMW implementation 'rmw_fastrtps_cpp' as default
[0.378s] -- Found sensor_msgs: 4.9.0 (/opt/ros/humble/share/sensor_msgs/cmake)
[0.405s] -- Found cv_bridge: 3.2.1 (/opt/ros/humble/share/cv_bridge/cmake)
[0.410s] -- Found image_transport: 3.1.12 (/opt/ros/humble/share/image_transport/cmake)
[0.434s] -- Found ament_lint_auto: 0.12.14 (/opt/ros/humble/share/ament_lint_auto/cmake)
[0.493s] WARNING: Package name "teamX_challenge" does not follow the naming conventions. It should start with a lower case letter and only contain lower case letters, digits, underscores, and dashes.
[0.558s] -- Added test 'copyright' to check source files copyright and LICENSE
[0.560s] -- Added test 'cppcheck' to perform static code analysis on C / C++ code
[0.560s] -- Configured cppcheck include dirs: 
[0.560s] -- Configured cppcheck exclude dirs and/or files: 
[0.562s] -- Added test 'cpplint' to check C / C++ code against the Google style
[0.562s] -- Configured cpplint exclude dirs and/or files: 
[0.563s] -- Added test 'flake8' to check Python code syntax and style conventions
[0.564s] -- Added test 'lint_cmake' to check CMake code style
[0.565s] -- Added test 'pep257' to check Python code against some of the docstring style conventions in PEP 257
[0.567s] -- Added test 'uncrustify' to check C / C++ code style
[0.567s] -- Configured uncrustify additional arguments: 
[0.567s] -- Added test 'xmllint' to check XML markup files
[0.571s] -- Configuring done
[0.588s] -- Generating done
[0.593s] -- Build files have been written to: /home/carrot/robomaster/build/teamX_challenge
[0.602s] Invoked command in '/home/carrot/robomaster/build/teamX_challenge' returned '0': CMAKE_PREFIX_PATH=/opt/ros/humble /usr/bin/cmake /home/carrot/robomaster/teamX_challenge -DCMAKE_INSTALL_PREFIX=/home/carrot/robomaster/install/teamX_challenge
[0.605s] Invoking command in '/home/carrot/robomaster/build/teamX_challenge': CMAKE_PREFIX_PATH=/opt/ros/humble /usr/bin/cmake --build /home/carrot/robomaster/build/teamX_challenge -- -j2 -l2
[0.702s] [ 16%] [32mBuilding CXX object CMakeFiles/vision_node.dir/src/vision_node.cpp.o[0m
[0.702s] [ 33%] [32mBuilding CXX object CMakeFiles/decision_node.dir/src/decision_node.cpp.o[0m
[1.224s] [01m[K/home/carrot/robomaster/teamX_challenge/src/decision_node.cpp:3:10:[m[K [01;31m[Kfatal error: [m[KteamX_challenge/msg/target_array.hpp: æ²¡æœ‰é‚£ä¸ªæ–‡ä»¶æˆ–ç›®å½•
[1.224s]     3 | #include [01;31m[K"teamX_challenge/msg/target_array.hpp"[m[K
[1.224s]       |          [01;31m[K^~~~~~~~~~~~~~~~~~~~~~~~~~~~~~~~~~~~~~[m[K
[1.224s] compilation terminated.
[1.235s] gmake[2]: *** [CMakeFiles/decision_node.dir/build.make:76ï¼šCMakeFiles/decision_node.dir/src/decision_node.cpp.o] é”™è¯¯ 1
[1.235s] gmake[1]: *** [CMakeFiles/Makefile2:167ï¼šCMakeFiles/decision_node.dir/all] é”™è¯¯ 2
[1.235s] gmake[1]: *** æ­£åœ¨ç­‰å¾…æœªå®Œæˆçš„ä»»åŠ¡....
[1.386s] [01m[K/home/carrot/robomaster/teamX_challenge/src/vision_node.cpp:9:10:[m[K [01;31m[Kfatal error: [m[KteamX_challenge/msg/target_array.hpp: æ²¡æœ‰é‚£ä¸ªæ–‡ä»¶æˆ–ç›®å½•
[1.386s]     9 | #include [01;31m[K"teamX_challenge/msg/target_array.hpp"[m[K
[1.386s]       |          [01;31m[K^~~~~~~~~~~~~~~~~~~~~~~~~~~~~~~~~~~~~~[m[K
[1.386s] compilation terminated.
[1.391s] gmake[2]: *** [CMakeFiles/vision_node.dir/build.make:76ï¼šCMakeFiles/vision_node.dir/src/vision_node.cpp.o] é”™è¯¯ 1
[1.391s] gmake[1]: *** [CMakeFiles/Makefile2:141ï¼šCMakeFiles/vision_node.dir/all] é”™è¯¯ 2
[1.392s] gmake: *** [Makefile:146ï¼šall] é”™è¯¯ 2
[1.395s] Invoked command in '/home/carrot/robomaster/build/teamX_challenge' returned '2': CMAKE_PREFIX_PATH=/opt/ros/humble /usr/bin/cmake --build /home/carrot/robomaster/build/teamX_challenge -- -j2 -l2
