[01m[K/home/carrot/Vision_Arena_2025/src/player_pkg/src/test.cpp:65:10:[m[K [01;31m[Kerror: [m[Kâ€˜[01m[KDetectedObject[m[Kâ€™ was not declared in this scope
   65 |   vector<[01;31m[KDetectedObject[m[K> detected_objects_;  // æ›¿æ¢åŸæ¥çš„ Point_V
      |          [01;31m[K^~~~~~~~~~~~~~[m[K
[01m[K/home/carrot/Vision_Arena_2025/src/player_pkg/src/test.cpp:65:24:[m[K [01;31m[Kerror: [m[Ktemplate argument 1 is invalid
   65 |   vector<DetectedObject[01;31m[K>[m[K detected_objects_;  // æ›¿æ¢åŸæ¥çš„ Point_V
      |                        [01;31m[K^[m[K
[01m[K/home/carrot/Vision_Arena_2025/src/player_pkg/src/test.cpp:65:24:[m[K [01;31m[Kerror: [m[Ktemplate argument 2 is invalid
[01m[K/home/carrot/Vision_Arena_2025/src/player_pkg/src/test.cpp:[m[K In member function â€˜[01m[Kvoid TestNode::detectSpheres(const cv::Mat&, cv::Mat&)[m[Kâ€™:
[01m[K/home/carrot/Vision_Arena_2025/src/player_pkg/src/test.cpp:171:27:[m[K [01;31m[Kerror: [m[Krequest for member â€˜[01m[Kpush_back[m[Kâ€™ in â€˜[01m[K((TestNode*)this)->TestNode::detected_objects_[m[Kâ€™, which is of non-class type â€˜[01m[Kint[m[Kâ€™
  171 |         detected_objects_.[01;31m[Kpush_back[m[K(sphere_obj);
      |                           [01;31m[K^~~~~~~~~[m[K
[01m[K/home/carrot/Vision_Arena_2025/src/player_pkg/src/test.cpp:[m[K In member function â€˜[01m[Kvoid TestNode::detectGreenRectangles(const cv::Mat&, cv::Mat&)[m[Kâ€™:
[01m[K/home/carrot/Vision_Arena_2025/src/player_pkg/src/test.cpp:258:33:[m[K [01;31m[Kerror: [m[Kâ€˜[01m[Ksphere_points[m[Kâ€™ was not declared in this scope
  258 |         rectangle_obj.corners = [01;31m[Ksphere_points[m[K;
      |                                 [01;31m[K^~~~~~~~~~~~~[m[K
[01m[K/home/carrot/Vision_Arena_2025/src/player_pkg/src/test.cpp:261:27:[m[K [01;31m[Kerror: [m[Krequest for member â€˜[01m[Kpush_back[m[Kâ€™ in â€˜[01m[K((TestNode*)this)->TestNode::detected_objects_[m[Kâ€™, which is of non-class type â€˜[01m[Kint[m[Kâ€™
  261 |         detected_objects_.[01;31m[Kpush_back[m[K(rectangle_obj);
      |                           [01;31m[K^~~~~~~~~[m[K
[01m[K/home/carrot/Vision_Arena_2025/src/player_pkg/src/test.cpp:[m[K In member function â€˜[01m[Kvoid TestNode::detectArmorPlates(const cv::Mat&, cv::Mat&)[m[Kâ€™:
[01m[K/home/carrot/Vision_Arena_2025/src/player_pkg/src/test.cpp:319:9:[m[K [01;31m[Kerror: [m[Kâ€˜[01m[KPoint_V[m[Kâ€™ was not declared in this scope
  319 |         [01;31m[KPoint_V[m[K.push_back(sorted_armor[i]);
      |         [01;31m[K^~~~~~~[m[K
[01m[K/home/carrot/Vision_Arena_2025/src/player_pkg/src/test.cpp:[m[K In member function â€˜[01m[Kvoid TestNode::callback_camera(sensor_msgs::msg::Image_<std::allocator<void> >::SharedPtr)[m[Kâ€™:
[01m[K/home/carrot/Vision_Arena_2025/src/player_pkg/src/test.cpp:382:5:[m[K [01;31m[Kerror: [m[Kâ€˜[01m[KPoint_V[m[Kâ€™ was not declared in this scope
  382 |     [01;31m[KPoint_V[m[K.clear();
      |     [01;31m[K^~~~~~~[m[K
[01m[K/home/carrot/Vision_Arena_2025/src/player_pkg/src/test.cpp:423:30:[m[K [01;31m[Kerror: [m[Kâ€˜[01m[Kall_targets[m[Kâ€™ was not declared in this scope
  423 |     msg_object.num_objects = [01;31m[Kall_targets[m[K.size();
      |                              [01;31m[K^~~~~~~~~~~[m[K
gmake[2]: *** [CMakeFiles/TestNode.dir/build.make:76ï¼šCMakeFiles/TestNode.dir/src/test.cpp.o] é”™è¯¯ 1
gmake[1]: *** [CMakeFiles/Makefile2:137ï¼šCMakeFiles/TestNode.dir/all] é”™è¯¯ 2
gmake: *** [Makefile:146ï¼šall] é”™è¯¯ 2
