[0.044s] Invoking command in '/home/carrot/Vision_Arena_2025/build/player_pkg': CMAKE_PREFIX_PATH=${CMAKE_PREFIX_PATH}:/opt/ros/humble /usr/bin/cmake --build /home/carrot/Vision_Arena_2025/build/player_pkg -- -j2 -l2
[0.362s] [35m[1mConsolidate compiler generated dependencies of target TestNode[0m
[0.452s] [ 50%] [32mBuilding CXX object CMakeFiles/TestNode.dir/src/test.cpp.o[0m
[19.504s] [01m[K/home/carrot/Vision_Arena_2025/src/player_pkg/src/test.cpp:65:10:[m[K [01;31m[Kerror: [m[Kâ€˜[01m[KDetectedObject[m[Kâ€™ was not declared in this scope
[19.504s]    65 |   vector<[01;31m[KDetectedObject[m[K> detected_objects_;  // æ›¿æ¢åŸæ¥çš„ Point_V
[19.504s]       |          [01;31m[K^~~~~~~~~~~~~~[m[K
[19.505s] [01m[K/home/carrot/Vision_Arena_2025/src/player_pkg/src/test.cpp:65:24:[m[K [01;31m[Kerror: [m[Ktemplate argument 1 is invalid
[19.505s]    65 |   vector<DetectedObject[01;31m[K>[m[K detected_objects_;  // æ›¿æ¢åŸæ¥çš„ Point_V
[19.505s]       |                        [01;31m[K^[m[K
[19.505s] [01m[K/home/carrot/Vision_Arena_2025/src/player_pkg/src/test.cpp:65:24:[m[K [01;31m[Kerror: [m[Ktemplate argument 2 is invalid
[19.559s] [01m[K/home/carrot/Vision_Arena_2025/src/player_pkg/src/test.cpp:[m[K In member function â€˜[01m[Kvoid TestNode::detectSpheres(const cv::Mat&, cv::Mat&)[m[Kâ€™:
[19.559s] [01m[K/home/carrot/Vision_Arena_2025/src/player_pkg/src/test.cpp:171:27:[m[K [01;31m[Kerror: [m[Krequest for member â€˜[01m[Kpush_back[m[Kâ€™ in â€˜[01m[K((TestNode*)this)->TestNode::detected_objects_[m[Kâ€™, which is of non-class type â€˜[01m[Kint[m[Kâ€™
[19.559s]   171 |         detected_objects_.[01;31m[Kpush_back[m[K(sphere_obj);
[19.559s]       |                           [01;31m[K^~~~~~~~~[m[K
[19.581s] [01m[K/home/carrot/Vision_Arena_2025/src/player_pkg/src/test.cpp:[m[K In member function â€˜[01m[Kvoid TestNode::detectGreenRectangles(const cv::Mat&, cv::Mat&)[m[Kâ€™:
[19.582s] [01m[K/home/carrot/Vision_Arena_2025/src/player_pkg/src/test.cpp:258:33:[m[K [01;31m[Kerror: [m[Kâ€˜[01m[Ksphere_points[m[Kâ€™ was not declared in this scope
[19.583s]   258 |         rectangle_obj.corners = [01;31m[Ksphere_points[m[K;
[19.583s]       |                                 [01;31m[K^~~~~~~~~~~~~[m[K
[19.583s] [01m[K/home/carrot/Vision_Arena_2025/src/player_pkg/src/test.cpp:261:27:[m[K [01;31m[Kerror: [m[Krequest for member â€˜[01m[Kpush_back[m[Kâ€™ in â€˜[01m[K((TestNode*)this)->TestNode::detected_objects_[m[Kâ€™, which is of non-class type â€˜[01m[Kint[m[Kâ€™
[19.583s]   261 |         detected_objects_.[01;31m[Kpush_back[m[K(rectangle_obj);
[19.583s]       |                           [01;31m[K^~~~~~~~~[m[K
[19.618s] [01m[K/home/carrot/Vision_Arena_2025/src/player_pkg/src/test.cpp:[m[K In member function â€˜[01m[Kvoid TestNode::detectArmorPlates(const cv::Mat&, cv::Mat&)[m[Kâ€™:
[19.620s] [01m[K/home/carrot/Vision_Arena_2025/src/player_pkg/src/test.cpp:319:9:[m[K [01;31m[Kerror: [m[Kâ€˜[01m[KPoint_V[m[Kâ€™ was not declared in this scope
[19.620s]   319 |         [01;31m[KPoint_V[m[K.push_back(sorted_armor[i]);
[19.620s]       |         [01;31m[K^~~~~~~[m[K
[19.664s] [01m[K/home/carrot/Vision_Arena_2025/src/player_pkg/src/test.cpp:[m[K In member function â€˜[01m[Kvoid TestNode::callback_camera(sensor_msgs::msg::Image_<std::allocator<void> >::SharedPtr)[m[Kâ€™:
[19.664s] [01m[K/home/carrot/Vision_Arena_2025/src/player_pkg/src/test.cpp:382:5:[m[K [01;31m[Kerror: [m[Kâ€˜[01m[KPoint_V[m[Kâ€™ was not declared in this scope
[19.664s]   382 |     [01;31m[KPoint_V[m[K.clear();
[19.664s]       |     [01;31m[K^~~~~~~[m[K
[19.690s] [01m[K/home/carrot/Vision_Arena_2025/src/player_pkg/src/test.cpp:423:30:[m[K [01;31m[Kerror: [m[Kâ€˜[01m[Kall_targets[m[Kâ€™ was not declared in this scope
[19.692s]   423 |     msg_object.num_objects = [01;31m[Kall_targets[m[K.size();
[19.692s]       |                              [01;31m[K^~~~~~~~~~~[m[K
[24.681s] gmake[2]: *** [CMakeFiles/TestNode.dir/build.make:76ï¼šCMakeFiles/TestNode.dir/src/test.cpp.o] é”™è¯¯ 1
[24.684s] gmake[1]: *** [CMakeFiles/Makefile2:137ï¼šCMakeFiles/TestNode.dir/all] é”™è¯¯ 2
[24.684s] gmake: *** [Makefile:146ï¼šall] é”™è¯¯ 2
[24.741s] Invoked command in '/home/carrot/Vision_Arena_2025/build/player_pkg' returned '2': CMAKE_PREFIX_PATH=${CMAKE_PREFIX_PATH}:/opt/ros/humble /usr/bin/cmake --build /home/carrot/Vision_Arena_2025/build/player_pkg -- -j2 -l2
