/usr/bin/ld: warning: libopencv_imgproc.so.4.5d, needed by /opt/ros/humble/lib/libcv_bridge.so, may conflict with libopencv_imgproc.so.413
/usr/bin/ld: warning: libopencv_core.so.4.5d, needed by /opt/ros/humble/lib/libcv_bridge.so, may conflict with libopencv_core.so.413
/usr/bin/ld: CMakeFiles/TestNode.dir/src/test.cpp.o: in function `TestNode::callback_camera(std::shared_ptr<sensor_msgs::msg::Image_<std::allocator<void> > >)':
test.cpp:(.text+0x2b9a): undefined reference to `TestNode::sortRectanglePoints(std::vector<cv::Point_<int>, std::allocator<cv::Point_<int> > > const&)'
collect2: error: ld returned 1 exit status
gmake[2]: *** [CMakeFiles/TestNode.dir/build.make:206：TestNode] 错误 1
gmake[1]: *** [CMakeFiles/Makefile2:137：CMakeFiles/TestNode.dir/all] 错误 2
gmake: *** [Makefile:146：all] 错误 2
