[0.023s] Invoking command in '/home/carrot/Vision_Arena_2025/build/player_pkg': CMAKE_PREFIX_PATH=${CMAKE_PREFIX_PATH}:/opt/ros/humble /usr/bin/cmake --build /home/carrot/Vision_Arena_2025/build/player_pkg -- -j2 -l2
[0.349s] [35m[1mConsolidate compiler generated dependencies of target TestNode[0m
[0.449s] [ 50%] [32mBuilding CXX object CMakeFiles/TestNode.dir/src/test.cpp.o[0m
[20.535s] [100%] [32m[1mLinking CXX executable TestNode[0m
[21.190s] /usr/bin/ld: warning: libopencv_imgproc.so.4.5d, needed by /opt/ros/humble/lib/libcv_bridge.so, may conflict with libopencv_imgproc.so.413
[21.192s] /usr/bin/ld: warning: libopencv_core.so.4.5d, needed by /opt/ros/humble/lib/libcv_bridge.so, may conflict with libopencv_core.so.413
[22.243s] /usr/bin/ld: CMakeFiles/TestNode.dir/src/test.cpp.o: in function `TestNode::callback_camera(std::shared_ptr<sensor_msgs::msg::Image_<std::allocator<void> > >)':
[22.243s] test.cpp:(.text+0x2b9a): undefined reference to `TestNode::sortRectanglePoints(std::vector<cv::Point_<int>, std::allocator<cv::Point_<int> > > const&)'
[22.335s] collect2: error: ld returned 1 exit status
[22.338s] gmake[2]: *** [CMakeFiles/TestNode.dir/build.make:206ï¼šTestNode] é”™è¯¯ 1
[22.338s] gmake[1]: *** [CMakeFiles/Makefile2:137ï¼šCMakeFiles/TestNode.dir/all] é”™è¯¯ 2
[22.339s] gmake: *** [Makefile:146ï¼šall] é”™è¯¯ 2
[22.448s] Invoked command in '/home/carrot/Vision_Arena_2025/build/player_pkg' returned '2': CMAKE_PREFIX_PATH=${CMAKE_PREFIX_PATH}:/opt/ros/humble /usr/bin/cmake --build /home/carrot/Vision_Arena_2025/build/player_pkg -- -j2 -l2
