[01m[K/home/carrot/Vision_Arena_2025/src/player_pkg/src/test.cpp:[m[K In member function â€˜[01m[Kvoid TestNode::callback_camera(sensor_msgs::msg::Image_<std::allocator<void> >::SharedPtr)[m[Kâ€™:
[01m[K/home/carrot/Vision_Arena_2025/src/player_pkg/src/test.cpp:218:41:[m[K [01;31m[Kerror: [m[Kâ€˜[01m[Kcenter[m[Kâ€™ was not declared in this scope
  218 |             calculateStableSpherePoints([01;31m[Kcenter[m[K, radius);
      |                                         [01;31m[K^~~~~~[m[K
[01m[K/home/carrot/Vision_Arena_2025/src/player_pkg/src/test.cpp:218:49:[m[K [01;31m[Kerror: [m[Kâ€˜[01m[Kradius[m[Kâ€™ was not declared in this scope
  218 |             calculateStableSpherePoints(center, [01;31m[Kradius[m[K);
      |                                                 [01;31m[K^~~~~~[m[K
[01m[K/home/carrot/Vision_Arena_2025/src/player_pkg/src/test.cpp:219:48:[m[K [01;31m[Kerror: [m[Kâ€˜[01m[KsortRectanglePoints[m[Kâ€™ was not declared in this scope; did you mean â€˜[01m[Krectangle_points[m[Kâ€™?
  219 |         std::vector<cv::Point2f> rect_points = [01;31m[KsortRectanglePoints[m[K(approx);
      |                                                [01;31m[K^~~~~~~~~~~~~~~~~~~[m[K
      |                                                [32m[Krectangle_points[m[K
[01m[K/home/carrot/Vision_Arena_2025/src/player_pkg/src/test.cpp:236:55:[m[K [01;31m[Kerror: [m[Kâ€˜[01m[Krect_colors[m[Kâ€™ was not declared in this scope; did you mean â€˜[01m[Kpoint_colors[m[Kâ€™?
  236 |           cv::circle(result_image, rect_points[j], 6, [01;31m[Krect_colors[m[K[j], -1);
      |                                                       [01;31m[K^~~~~~~~~~~[m[K
      |                                                       [32m[Kpoint_colors[m[K
[01m[K/home/carrot/Vision_Arena_2025/src/player_pkg/src/test.cpp:251:29:[m[K [01;31m[Kerror: [m[Kâ€˜[01m[K_points[m[Kâ€™ was not declared in this scope
  251 |           Point_V.push_back([01;31m[K_points[m[K[j]);
      |                             [01;31m[K^~~~~~~[m[K
In file included from [01m[K/opt/ros/humble/include/rclcpp/rclcpp/logging.hpp:24[m[K,
                 from [01m[K/opt/ros/humble/include/rclcpp/rclcpp/client.hpp:40[m[K,
                 from [01m[K/opt/ros/humble/include/rclcpp/rclcpp/callback_group.hpp:24[m[K,
                 from [01m[K/opt/ros/humble/include/rclcpp/rclcpp/any_executable.hpp:20[m[K,
                 from [01m[K/opt/ros/humble/include/rclcpp/rclcpp/memory_strategy.hpp:25[m[K,
                 from [01m[K/opt/ros/humble/include/rclcpp/rclcpp/memory_strategies.hpp:18[m[K,
                 from [01m[K/opt/ros/humble/include/rclcpp/rclcpp/executor_options.hpp:20[m[K,
                 from [01m[K/opt/ros/humble/include/rclcpp/rclcpp/executor.hpp:37[m[K,
                 from [01m[K/opt/ros/humble/include/rclcpp/rclcpp/executors/multi_threaded_executor.hpp:25[m[K,
                 from [01m[K/opt/ros/humble/include/rclcpp/rclcpp/executors.hpp:21[m[K,
                 from [01m[K/opt/ros/humble/include/rclcpp/rclcpp/rclcpp.hpp:155[m[K,
                 from [01m[K/home/carrot/Vision_Arena_2025/src/player_pkg/src/test.cpp:8[m[K:
[01m[K/home/carrot/Vision_Arena_2025/src/player_pkg/src/test.cpp:256:23:[m[K [01;31m[Kerror: [m[Kâ€˜[01m[Ksphere_points[m[Kâ€™ was not declared in this scope; did you mean â€˜[01m[Krect_points[m[Kâ€™?
  256 |                       [01;31m[Ksphere_points[m[K[j].x, sphere_points[j].y);
      |                       [01;31m[K^~~~~~~~~~~~~[m[K
gmake[2]: *** [CMakeFiles/TestNode.dir/build.make:76ï¼šCMakeFiles/TestNode.dir/src/test.cpp.o] é”™è¯¯ 1
gmake[1]: *** [CMakeFiles/Makefile2:137ï¼šCMakeFiles/TestNode.dir/all] é”™è¯¯ 2
gmake: *** [Makefile:146ï¼šall] é”™è¯¯ 2
