WARNING: Package name "teamX_challenge" does not follow the naming conventions. It should start with a lower case letter and only contain lower case letters, digits, underscores, and dashes.
[01m[K/home/carrot/robomaster/teamX_challenge/src/decision_node.cpp:3:10:[m[K [01;31m[Kfatal error: [m[KteamX_challenge/msg/target_array.hpp: æ²¡æœ‰é‚£ä¸ªæ–‡ä»¶æˆ–ç›®å½•
    3 | #include [01;31m[K"teamX_challenge/msg/target_array.hpp"[m[K
      |          [01;31m[K^~~~~~~~~~~~~~~~~~~~~~~~~~~~~~~~~~~~~~[m[K
compilation terminated.
gmake[2]: *** [CMakeFiles/decision_node.dir/build.make:76ï¼šCMakeFiles/decision_node.dir/src/decision_node.cpp.o] é”™è¯¯ 1
gmake[1]: *** [CMakeFiles/Makefile2:167ï¼šCMakeFiles/decision_node.dir/all] é”™è¯¯ 2
gmake[1]: *** æ­£åœ¨ç­‰å¾…æœªå®Œæˆçš„ä»»åŠ¡....
[01m[K/home/carrot/robomaster/teamX_challenge/src/vision_node.cpp:9:10:[m[K [01;31m[Kfatal error: [m[KteamX_challenge/msg/target_array.hpp: æ²¡æœ‰é‚£ä¸ªæ–‡ä»¶æˆ–ç›®å½•
    9 | #include [01;31m[K"teamX_challenge/msg/target_array.hpp"[m[K
      |          [01;31m[K^~~~~~~~~~~~~~~~~~~~~~~~~~~~~~~~~~~~~~[m[K
compilation terminated.
gmake[2]: *** [CMakeFiles/vision_node.dir/build.make:76ï¼šCMakeFiles/vision_node.dir/src/vision_node.cpp.o] é”™è¯¯ 1
gmake[1]: *** [CMakeFiles/Makefile2:141ï¼šCMakeFiles/vision_node.dir/all] é”™è¯¯ 2
gmake: *** [Makefile:146ï¼šall] é”™è¯¯ 2
