[0.025s] Invoking command in '/home/carrot/Vision_Arena_2025/build/player_pkg': CMAKE_PREFIX_PATH=${CMAKE_PREFIX_PATH}:/opt/ros/humble /usr/bin/cmake --build /home/carrot/Vision_Arena_2025/build/player_pkg -- -j2 -l2
[0.388s] [35m[1mConsolidate compiler generated dependencies of target TestNode[0m
[0.447s] [ 50%] [32mBuilding CXX object CMakeFiles/TestNode.dir/src/test.cpp.o[0m
[10.979s] [01m[K/home/carrot/Vision_Arena_2025/src/player_pkg/src/test.cpp:[m[K In member function â€˜[01m[Kvoid TestNode::callback_camera(sensor_msgs::msg::Image_<std::allocator<void> >::SharedPtr)[m[Kâ€™:
[10.979s] [01m[K/home/carrot/Vision_Arena_2025/src/player_pkg/src/test.cpp:217:48:[m[K [01;31m[Kerror: [m[Kâ€˜[01m[KsortRectanglePoints[m[Kâ€™ was not declared in this scope
[10.979s]   217 |         std::vector<cv::Point2f> rect_points = [01;31m[KsortRectanglePoints[m[K(approx);
[10.979s]       |                                                [01;31m[K^~~~~~~~~~~~~~~~~~~[m[K
[15.505s] gmake[2]: *** [CMakeFiles/TestNode.dir/build.make:76ï¼šCMakeFiles/TestNode.dir/src/test.cpp.o] é”™è¯¯ 1
[15.506s] gmake[1]: *** [CMakeFiles/Makefile2:137ï¼šCMakeFiles/TestNode.dir/all] é”™è¯¯ 2
[15.506s] gmake: *** [Makefile:146ï¼šall] é”™è¯¯ 2
[15.553s] Invoked command in '/home/carrot/Vision_Arena_2025/build/player_pkg' returned '2': CMAKE_PREFIX_PATH=${CMAKE_PREFIX_PATH}:/opt/ros/humble /usr/bin/cmake --build /home/carrot/Vision_Arena_2025/build/player_pkg -- -j2 -l2
