[35m[1mConsolidate compiler generated dependencies of target TestNode[0m
[ 50%] [32m[1mLinking CXX executable TestNode[0m
/usr/bin/ld: warning: libopencv_imgproc.so.4.5d, needed by /opt/ros/humble/lib/libcv_bridge.so, may conflict with libopencv_imgproc.so.413
/usr/bin/ld: warning: libopencv_core.so.4.5d, needed by /opt/ros/humble/lib/libcv_bridge.so, may conflict with libopencv_core.so.413
/usr/bin/ld: CMakeFiles/TestNode.dir/src/test.cpp.o: in function `TestNode::callback_camera(std::shared_ptr<sensor_msgs::msg::Image_<std::allocator<void> > >)':
test.cpp:(.text+0x2b9a): undefined reference to `TestNode::sortRectanglePoints(std::vector<cv::Point_<int>, std::allocator<cv::Point_<int> > > const&)'
collect2: error: ld returned 1 exit status
gmake[2]: *** [CMakeFiles/TestNode.dir/build.make:206ï¼šTestNode] é”™è¯¯ 1
gmake[1]: *** [CMakeFiles/Makefile2:137ï¼šCMakeFiles/TestNode.dir/all] é”™è¯¯ 2
gmake: *** [Makefile:146ï¼šall] é”™è¯¯ 2
