[0.041s] Invoking command in '/home/carrot/Vision_Arena_2025/build/player_pkg': CMAKE_PREFIX_PATH=${CMAKE_PREFIX_PATH}:/opt/ros/humble /usr/bin/cmake --build /home/carrot/Vision_Arena_2025/build/player_pkg -- -j2 -l2
[0.279s] [35m[1mConsolidate compiler generated dependencies of target TestNode[0m
[0.349s] [ 50%] [32mBuilding CXX object CMakeFiles/TestNode.dir/src/test.cpp.o[0m
[10.260s] [01m[K/home/carrot/Vision_Arena_2025/src/player_pkg/src/test.cpp:123:1:[m[K [01;31m[Kerror: [m[Kexpected unqualified-id before â€˜[01m[Kprivate[m[Kâ€™
[10.260s]   123 | [01;31m[Kprivate[m[K:
[10.260s]       | [01;31m[K^~~~~~~[m[K
[10.302s] [01m[K/home/carrot/Vision_Arena_2025/src/player_pkg/src/test.cpp:[m[K In member function â€˜[01m[Kvoid TestNode::detectSpheres(const cv::Mat&, cv::Mat&)[m[Kâ€™:
[10.303s] [01m[K/home/carrot/Vision_Arena_2025/src/player_pkg/src/test.cpp:173:9:[m[K [01;31m[Kerror: [m[Kâ€˜[01m[Kdetected_objects_[m[Kâ€™ was not declared in this scope; did you mean â€˜[01m[KDetectedObject[m[Kâ€™?
[10.303s]   173 |         [01;31m[Kdetected_objects_[m[K.push_back(sphere_obj);
[10.303s]       |         [01;31m[K^~~~~~~~~~~~~~~~~[m[K
[10.303s]       |         [32m[KDetectedObject[m[K
[10.325s] [01m[K/home/carrot/Vision_Arena_2025/src/player_pkg/src/test.cpp:[m[K In member function â€˜[01m[Kvoid TestNode::detectGreenRectangles(const cv::Mat&, cv::Mat&)[m[Kâ€™:
[10.325s] [01m[K/home/carrot/Vision_Arena_2025/src/player_pkg/src/test.cpp:260:33:[m[K [01;31m[Kerror: [m[Kâ€˜[01m[Ksphere_points[m[Kâ€™ was not declared in this scope
[10.325s]   260 |         rectangle_obj.corners = [01;31m[Ksphere_points[m[K;
[10.325s]       |                                 [01;31m[K^~~~~~~~~~~~~[m[K
[10.342s] [01m[K/home/carrot/Vision_Arena_2025/src/player_pkg/src/test.cpp:263:9:[m[K [01;31m[Kerror: [m[Kâ€˜[01m[Kdetected_objects_[m[Kâ€™ was not declared in this scope; did you mean â€˜[01m[KDetectedObject[m[Kâ€™?
[10.342s]   263 |         [01;31m[Kdetected_objects_[m[K.push_back(rectangle_obj);
[10.342s]       |         [01;31m[K^~~~~~~~~~~~~~~~~[m[K
[10.342s]       |         [32m[KDetectedObject[m[K
[10.398s] [01m[K/home/carrot/Vision_Arena_2025/src/player_pkg/src/test.cpp:[m[K In member function â€˜[01m[Kvoid TestNode::callback_camera(sensor_msgs::msg::Image_<std::allocator<void> >::SharedPtr)[m[Kâ€™:
[10.398s] [01m[K/home/carrot/Vision_Arena_2025/src/player_pkg/src/test.cpp:425:30:[m[K [01;31m[Kerror: [m[Kâ€˜[01m[Kall_targets[m[Kâ€™ was not declared in this scope
[10.398s]   425 |     msg_object.num_objects = [01;31m[Kall_targets[m[K.size();
[10.398s]       |                              [01;31m[K^~~~~~~~~~~[m[K
[15.226s] gmake[2]: *** [CMakeFiles/TestNode.dir/build.make:76ï¼šCMakeFiles/TestNode.dir/src/test.cpp.o] é”™è¯¯ 1
[15.228s] gmake[1]: *** [CMakeFiles/Makefile2:137ï¼šCMakeFiles/TestNode.dir/all] é”™è¯¯ 2
[15.229s] gmake: *** [Makefile:146ï¼šall] é”™è¯¯ 2
[15.241s] Invoked command in '/home/carrot/Vision_Arena_2025/build/player_pkg' returned '2': CMAKE_PREFIX_PATH=${CMAKE_PREFIX_PATH}:/opt/ros/humble /usr/bin/cmake --build /home/carrot/Vision_Arena_2025/build/player_pkg -- -j2 -l2
