[0.011s] Invoking command in '/home/carrot/Vision_Arena_2025/build/player_pkg': CMAKE_PREFIX_PATH=/opt/ros/humble /usr/bin/cmake /home/carrot/Vision_Arena_2025/src/player_pkg -DCMAKE_INSTALL_PREFIX=/home/carrot/Vision_Arena_2025/install/player_pkg
[0.030s] -- Found ament_cmake: 1.3.12 (/opt/ros/humble/share/ament_cmake/cmake)
[0.115s] -- Found rclcpp: 16.0.15 (/opt/ros/humble/share/rclcpp/cmake)
[0.133s] -- Found rosidl_generator_c: 3.1.7 (/opt/ros/humble/share/rosidl_generator_c/cmake)
[0.134s] -- Found rosidl_adapter: 3.1.7 (/opt/ros/humble/share/rosidl_adapter/cmake)
[0.138s] -- Found rosidl_generator_cpp: 3.1.7 (/opt/ros/humble/share/rosidl_generator_cpp/cmake)
[0.144s] -- Using all available rosidl_typesupport_c: rosidl_typesupport_fastrtps_c;rosidl_typesupport_introspection_c
[0.150s] -- Using all available rosidl_typesupport_cpp: rosidl_typesupport_fastrtps_cpp;rosidl_typesupport_introspection_cpp
[0.173s] -- Found rmw_implementation_cmake: 6.1.2 (/opt/ros/humble/share/rmw_implementation_cmake/cmake)
[0.173s] -- Found rmw_fastrtps_cpp: 6.2.9 (/opt/ros/humble/share/rmw_fastrtps_cpp/cmake)
[0.252s] -- Using RMW implementation 'rmw_fastrtps_cpp' as default
[0.281s] -- Found gazebo_msgs: 3.9.0 (/opt/ros/humble/share/gazebo_msgs/cmake)
[0.312s] -- Found cv_bridge: 3.2.1 (/opt/ros/humble/share/cv_bridge/cmake)
[0.376s] -- Configuring done
[0.386s] -- Generating done
[0.388s] -- Build files have been written to: /home/carrot/Vision_Arena_2025/build/player_pkg
[0.395s] Invoked command in '/home/carrot/Vision_Arena_2025/build/player_pkg' returned '0': CMAKE_PREFIX_PATH=/opt/ros/humble /usr/bin/cmake /home/carrot/Vision_Arena_2025/src/player_pkg -DCMAKE_INSTALL_PREFIX=/home/carrot/Vision_Arena_2025/install/player_pkg
[0.396s] Invoking command in '/home/carrot/Vision_Arena_2025/build/player_pkg': CMAKE_PREFIX_PATH=/opt/ros/humble /usr/bin/cmake --build /home/carrot/Vision_Arena_2025/build/player_pkg -- -j2 -l2
[0.458s] [ 50%] [32mBuilding CXX object CMakeFiles/TestNode.dir/src/test.cpp.o[0m
[0.770s] [01m[K/home/carrot/Vision_Arena_2025/src/player_pkg/src/test.cpp:10:10:[m[K [01;31m[Kfatal error: [m[Kreferee_pkg/msg/multi_object.hpp: æ²¡æœ‰é‚£ä¸ªæ–‡ä»¶æˆ–ç›®å½•
[0.770s]    10 | #include [01;31m[K<referee_pkg/msg/multi_object.hpp>[m[K
[0.770s]       |          [01;31m[K^~~~~~~~~~~~~~~~~~~~~~~~~~~~~~~~~~[m[K
[0.770s] compilation terminated.
[0.773s] gmake[2]: *** [CMakeFiles/TestNode.dir/build.make:76ï¼šCMakeFiles/TestNode.dir/src/test.cpp.o] é”™è¯¯ 1
[0.774s] gmake[1]: *** [CMakeFiles/Makefile2:137ï¼šCMakeFiles/TestNode.dir/all] é”™è¯¯ 2
[0.774s] gmake: *** [Makefile:146ï¼šall] é”™è¯¯ 2
[0.777s] Invoked command in '/home/carrot/Vision_Arena_2025/build/player_pkg' returned '2': CMAKE_PREFIX_PATH=/opt/ros/humble /usr/bin/cmake --build /home/carrot/Vision_Arena_2025/build/player_pkg -- -j2 -l2
