[0.045s] Invoking command in '/home/carrot/Vision_Arena_2025/build/player_pkg': CMAKE_PREFIX_PATH=${CMAKE_PREFIX_PATH}:/opt/ros/humble /usr/bin/cmake --build /home/carrot/Vision_Arena_2025/build/player_pkg -- -j2 -l2
[0.453s] [35m[1mConsolidate compiler generated dependencies of target TestNode[0m
[0.524s] [ 50%] [32mBuilding CXX object CMakeFiles/TestNode.dir/src/test.cpp.o[0m
[11.307s] [01m[K/home/carrot/Vision_Arena_2025/src/player_pkg/src/test.cpp:[m[K In member function â€˜[01m[Kvoid TestNode::callback_camera(sensor_msgs::msg::Image_<std::allocator<void> >::SharedPtr)[m[Kâ€™:
[11.307s] [01m[K/home/carrot/Vision_Arena_2025/src/player_pkg/src/test.cpp:211:34:[m[K [01;31m[Kerror: [m[Kâ€˜[01m[Kapprox[m[Kâ€™ was not declared in this scope
[11.307s]   211 |         if (!cv::isContourConvex([01;31m[Kapprox[m[K)) continue;
[11.307s]       |                                  [01;31m[K^~~~~~[m[K
[11.307s] [01m[K/home/carrot/Vision_Arena_2025/src/player_pkg/src/test.cpp:213:34:[m[K [01;31m[Kerror: [m[Kexpected primary-expression before â€˜[01m[Krect_points[m[Kâ€™
[11.307s]   213 |         std::vector<cv::Point2f> [01;31m[Krect_points[m[K = sortRectanglePoints(approx);
[11.307s]       |                                  [01;31m[K^~~~~~~~~~~[m[K
[11.313s] [01m[K/home/carrot/Vision_Arena_2025/src/player_pkg/src/test.cpp:216:34:[m[K [01;31m[Kerror: [m[Kâ€˜[01m[Krect_points[m[Kâ€™ was not declared in this scope; did you mean â€˜[01m[Krectangle_points[m[Kâ€™?
[11.313s]   216 |           cv::line(result_image, [01;31m[Krect_points[m[K[j], rect_points[(j + 1) % 4],
[11.313s]       |                                  [01;31m[K^~~~~~~~~~~[m[K
[11.313s]       |                                  [32m[Krectangle_points[m[K
[11.321s] [01m[K/home/carrot/Vision_Arena_2025/src/player_pkg/src/test.cpp:230:36:[m[K [01;31m[Kerror: [m[Kâ€˜[01m[Krect_points[m[Kâ€™ was not declared in this scope; did you mean â€˜[01m[Krectangle_points[m[Kâ€™?
[11.321s]   230 |           cv::circle(result_image, [01;31m[Krect_points[m[K[j], 6, rect_colors[j], -1);
[11.321s]       |                                    [01;31m[K^~~~~~~~~~~[m[K
[11.321s]       |                                    [32m[Krectangle_points[m[K
[11.328s] [01m[K/home/carrot/Vision_Arena_2025/src/player_pkg/src/test.cpp:230:55:[m[K [01;31m[Kerror: [m[Kâ€˜[01m[Krect_colors[m[Kâ€™ was not declared in this scope; did you mean â€˜[01m[Kpoint_colors[m[Kâ€™?
[11.328s]   230 |           cv::circle(result_image, rect_points[j], 6, [01;31m[Krect_colors[m[K[j], -1);
[11.328s]       |                                                       [01;31m[K^~~~~~~~~~~[m[K
[11.328s]       |                                                       [32m[Kpoint_colors[m[K
[11.339s] [01m[K/home/carrot/Vision_Arena_2025/src/player_pkg/src/test.cpp:245:29:[m[K [01;31m[Kerror: [m[Kâ€˜[01m[K_points[m[Kâ€™ was not declared in this scope
[11.339s]   245 |           Point_V.push_back([01;31m[K_points[m[K[j]);
[11.339s]       |                             [01;31m[K^~~~~~~[m[K
[15.706s] gmake[2]: *** [CMakeFiles/TestNode.dir/build.make:76ï¼šCMakeFiles/TestNode.dir/src/test.cpp.o] é”™è¯¯ 1
[15.725s] gmake[1]: *** [CMakeFiles/Makefile2:137ï¼šCMakeFiles/TestNode.dir/all] é”™è¯¯ 2
[15.740s] gmake: *** [Makefile:146ï¼šall] é”™è¯¯ 2
[15.914s] Invoked command in '/home/carrot/Vision_Arena_2025/build/player_pkg' returned '2': CMAKE_PREFIX_PATH=${CMAKE_PREFIX_PATH}:/opt/ros/humble /usr/bin/cmake --build /home/carrot/Vision_Arena_2025/build/player_pkg -- -j2 -l2
