[0.063s] Invoking command in '/home/carrot/Vision_Arena_2025/build/player_pkg': CMAKE_PREFIX_PATH=${CMAKE_PREFIX_PATH}:/opt/ros/humble /usr/bin/cmake --build /home/carrot/Vision_Arena_2025/build/player_pkg -- -j2 -l2
[0.445s] [35m[1mConsolidate compiler generated dependencies of target TestNode[0m
[0.513s] [ 50%] [32mBuilding CXX object CMakeFiles/TestNode.dir/src/test.cpp.o[0m
[13.858s] [01m[K/home/carrot/Vision_Arena_2025/src/player_pkg/src/test.cpp:[m[K In member function â€˜[01m[Kvoid TestNode::detectGreenRectangles(const cv::Mat&, cv::Mat&)[m[Kâ€™:
[13.858s] [01m[K/home/carrot/Vision_Arena_2025/src/player_pkg/src/test.cpp:257:33:[m[K [01;31m[Kerror: [m[Kâ€˜[01m[Ksphere_points[m[Kâ€™ was not declared in this scope
[13.858s]   257 |         rectangle_obj.corners = [01;31m[Ksphere_points[m[K;
[13.858s]       |                                 [01;31m[K^~~~~~~~~~~~~[m[K
[13.869s] [01m[K/home/carrot/Vision_Arena_2025/src/player_pkg/src/test.cpp:[m[K In member function â€˜[01m[Kvoid TestNode::detectArmorPlates(const cv::Mat&, cv::Mat&)[m[Kâ€™:
[13.869s] [01m[K/home/carrot/Vision_Arena_2025/src/player_pkg/src/test.cpp:318:9:[m[K [01;31m[Kerror: [m[Kâ€˜[01m[KPoint_V[m[Kâ€™ was not declared in this scope
[13.869s]   318 |         [01;31m[KPoint_V[m[K.push_back(sorted_armor[i]);
[13.869s]       |         [01;31m[K^~~~~~~[m[K
[13.899s] [01m[K/home/carrot/Vision_Arena_2025/src/player_pkg/src/test.cpp:[m[K In member function â€˜[01m[Kvoid TestNode::callback_camera(sensor_msgs::msg::Image_<std::allocator<void> >::SharedPtr)[m[Kâ€™:
[13.899s] [01m[K/home/carrot/Vision_Arena_2025/src/player_pkg/src/test.cpp:381:5:[m[K [01;31m[Kerror: [m[Kâ€˜[01m[KPoint_V[m[Kâ€™ was not declared in this scope
[13.899s]   381 |     [01;31m[KPoint_V[m[K.clear();
[13.899s]       |     [01;31m[K^~~~~~~[m[K
[13.915s] [01m[K/home/carrot/Vision_Arena_2025/src/player_pkg/src/test.cpp:422:30:[m[K [01;31m[Kerror: [m[Kâ€˜[01m[Kall_targets[m[Kâ€™ was not declared in this scope
[13.915s]   422 |     msg_object.num_objects = [01;31m[Kall_targets[m[K.size();
[13.915s]       |                              [01;31m[K^~~~~~~~~~~[m[K
[19.593s] gmake[2]: *** [CMakeFiles/TestNode.dir/build.make:76ï¼šCMakeFiles/TestNode.dir/src/test.cpp.o] é”™è¯¯ 1
[19.618s] gmake[1]: *** [CMakeFiles/Makefile2:137ï¼šCMakeFiles/TestNode.dir/all] é”™è¯¯ 2
[19.634s] gmake: *** [Makefile:146ï¼šall] é”™è¯¯ 2
[19.834s] Invoked command in '/home/carrot/Vision_Arena_2025/build/player_pkg' returned '2': CMAKE_PREFIX_PATH=${CMAKE_PREFIX_PATH}:/opt/ros/humble /usr/bin/cmake --build /home/carrot/Vision_Arena_2025/build/player_pkg -- -j2 -l2
