[01m[K/home/carrot/Vision_Arena_2025/src/player_pkg/src/test.cpp:[m[K In member function â€˜[01m[Kvoid TestNode::callback_camera(sensor_msgs::msg::Image_<std::allocator<void> >::SharedPtr)[m[Kâ€™:
[01m[K/home/carrot/Vision_Arena_2025/src/player_pkg/src/test.cpp:218:48:[m[K [01;31m[Kerror: [m[Kâ€˜[01m[KsortRectanglePoints[m[Kâ€™ was not declared in this scope
  218 |         std::vector<cv::Point2f> rect_points = [01;31m[KsortRectanglePoints[m[K(approx);
      |                                                [01;31m[K^~~~~~~~~~~~~~~~~~~[m[K
gmake[2]: *** [CMakeFiles/TestNode.dir/build.make:76ï¼šCMakeFiles/TestNode.dir/src/test.cpp.o] é”™è¯¯ 1
gmake[1]: *** [CMakeFiles/Makefile2:137ï¼šCMakeFiles/TestNode.dir/all] é”™è¯¯ 2
gmake: *** [Makefile:146ï¼šall] é”™è¯¯ 2
